0 info it worked if it ends with ok
1 verbose cli [ '/usr/local/bin/node', '/usr/local/bin/npm', 'run', 'cover' ]
2 info using npm@3.10.3
3 info using node@v6.7.0
4 verbose run-script [ 'precover', 'cover', 'postcover' ]
5 info lifecycle @gasbuddy/service@0.1.0~precover: @gasbuddy/service@0.1.0
6 silly lifecycle @gasbuddy/service@0.1.0~precover: no script for precover, continuing
7 info lifecycle @gasbuddy/service@0.1.0~cover: @gasbuddy/service@0.1.0
8 verbose lifecycle @gasbuddy/service@0.1.0~cover: unsafe-perm in lifecycle true
9 verbose lifecycle @gasbuddy/service@0.1.0~cover: PATH: /usr/local/lib/node_modules/npm/bin/node-gyp-bin:/Users/memetral/dev/node/service/node_modules/.bin:/usr/local/bin:/usr/local/bin:/usr/bin:/bin:/usr/sbin:/sbin
10 verbose lifecycle @gasbuddy/service@0.1.0~cover: CWD: /Users/memetral/dev/node/service
11 silly lifecycle @gasbuddy/service@0.1.0~cover: Args: [ '-c', 'cross-env BABEL_ENV=test nyc tap tests/test_*.js' ]
12 silly lifecycle @gasbuddy/service@0.1.0~cover: Returned: code: 1  signal: null
13 info lifecycle @gasbuddy/service@0.1.0~cover: Failed to exec cover script
14 verbose stack Error: @gasbuddy/service@0.1.0 cover: `cross-env BABEL_ENV=test nyc tap tests/test_*.js`
14 verbose stack Exit status 1
14 verbose stack     at EventEmitter.<anonymous> (/usr/local/lib/node_modules/npm/lib/utils/lifecycle.js:242:16)
14 verbose stack     at emitTwo (events.js:106:13)
14 verbose stack     at EventEmitter.emit (events.js:191:7)
14 verbose stack     at ChildProcess.<anonymous> (/usr/local/lib/node_modules/npm/lib/utils/spawn.js:40:14)
14 verbose stack     at emitTwo (events.js:106:13)
14 verbose stack     at ChildProcess.emit (events.js:191:7)
14 verbose stack     at maybeClose (internal/child_process.js:877:16)
14 verbose stack     at Process.ChildProcess._handle.onexit (internal/child_process.js:226:5)
15 verbose pkgid @gasbuddy/service@0.1.0
16 verbose cwd /Users/memetral/dev/node/service
17 error Darwin 16.1.0
18 error argv "/usr/local/bin/node" "/usr/local/bin/npm" "run" "cover"
19 error node v6.7.0
20 error npm  v3.10.3
21 error code ELIFECYCLE
22 error @gasbuddy/service@0.1.0 cover: `cross-env BABEL_ENV=test nyc tap tests/test_*.js`
22 error Exit status 1
23 error Failed at the @gasbuddy/service@0.1.0 cover script 'cross-env BABEL_ENV=test nyc tap tests/test_*.js'.
23 error Make sure you have the latest version of node.js and npm installed.
23 error If you do, this is most likely a problem with the @gasbuddy/service package,
23 error not with npm itself.
23 error Tell the author that this fails on your system:
23 error     cross-env BABEL_ENV=test nyc tap tests/test_*.js
23 error You can get information on how to open an issue for this project with:
23 error     npm bugs @gasbuddy/service
23 error Or if that isn't available, you can get their info via:
23 error     npm owner ls @gasbuddy/service
23 error There is likely additional logging output above.
24 verbose exit [ 1, true ]
